2026-05-22T14:24:50	INFO	::1	-	request	GET /?action=admin platform=- action=admin
2026-05-22T14:25:18	INFO	::1	-	request	POST /?action=admin platform=- action=admin
2026-05-22T14:25:18	INFO	::1	-	admin.create_student	student_id=19134987
2026-05-22T14:25:18	INFO	::1	-	request	GET /?action=admin&tab=users platform=- action=admin
2026-05-22T14:25:43	INFO	::1	-	request	POST /?action=admin&tab=users platform=- action=admin
2026-05-22T14:25:43	INFO	::1	-	admin.create_student	student_id=19124163
2026-05-22T14:25:43	INFO	::1	-	request	GET /?action=admin&tab=users platform=- action=admin
2026-05-22T14:25:58	INFO	::1	-	request	POST /?action=admin&tab=users platform=- action=admin
2026-05-22T14:25:58	INFO	::1	-	admin.create_student	student_id=19129133
2026-05-22T14:25:58	INFO	::1	-	request	GET /?action=admin&tab=users platform=- action=admin
2026-05-22T15:08:42	INFO	::1	-	request	GET /?action=logout platform=- action=logout
2026-05-22T15:08:42	INFO	::1	-	logout	
2026-05-22T15:08:42	INFO	::1	-	request	GET / platform=- action=-
2026-05-22T15:10:09	INFO	::1	-	request	POST /?action=login platform=- action=login
2026-05-22T15:10:09	INFO	::1	19134987	login	username=19134987
2026-05-22T15:10:09	INFO	::1	19134987	request	GET / platform=- action=-
2026-05-22T15:10:24	INFO	::1	19134987	request	GET /?platform=twitter platform=twitter action=-
2026-05-22T15:11:08	INFO	::1	19134987	request	GET /?platform=facebook platform=facebook action=-
2026-05-22T15:11:23	INFO	::1	19134987	request	GET /?platform=instagram platform=instagram action=-
2026-05-22T15:11:58	INFO	::1	19134987	request	GET /?platform=youtube platform=youtube action=-
2026-05-22T15:12:00	INFO	::1	19134987	request	GET /?platform=youtube&action=upload platform=youtube action=upload
2026-05-22T15:12:18	INFO	::1	19134987	request	POST /?platform=youtube platform=youtube action=-
2026-05-22T15:12:18	INFO	::1	19134987	youtube.upload	post_id=- title=E
2026-05-22T15:12:18	INFO	::1	19134987	request	GET /?platform=youtube&action=watch&id=2207 platform=youtube action=watch
2026-05-22T15:12:27	INFO	::1	19134987	request	GET /?platform=youtube&action=channel platform=youtube action=channel
2026-05-22T15:12:33	INFO	::1	19134987	request	GET /?platform=youtube&action=analytics platform=youtube action=analytics
2026-05-22T15:12:52	INFO	::1	19134987	request	GET /?action=stats&platform=youtube platform=youtube action=stats
2026-05-22T15:13:12	INFO	::1	19134987	request	POST /?action=stats&platform=youtube platform=youtube action=stats
2026-05-22T15:13:12	INFO	::1	19134987	request	GET /?action=stats&platform=youtube platform=youtube action=stats
2026-05-22T15:13:14	INFO	::1	19134987	request	GET /?action=stats&platform=instagram platform=instagram action=stats
2026-05-22T15:13:15	INFO	::1	19134987	request	GET /?action=stats&platform=youtube platform=youtube action=stats
2026-05-22T15:13:21	INFO	::1	19134987	request	GET /?platform=youtube platform=youtube action=-
2026-05-22T15:13:22	INFO	::1	19134987	request	GET /?platform=youtube&action=analytics platform=youtube action=analytics
2026-05-22T15:13:42	INFO	::1	19134987	request	GET /?platform=instagram platform=instagram action=-
2026-05-22T15:13:44	INFO	::1	19134987	request	GET /?platform=instagram&action=analytics platform=instagram action=analytics
2026-05-22T15:13:45	INFO	::1	19134987	request	GET /?action=stats&platform=instagram platform=instagram action=stats
2026-05-22T15:14:29	INFO	::1	19134987	request	GET /?action=stats&platform=twitter platform=twitter action=stats
2026-05-22T15:14:31	INFO	::1	19134987	request	GET /?platform=twitter platform=twitter action=-
2026-05-22T15:14:37	INFO	::1	19134987	request	POST /?platform=twitter platform=twitter action=-
2026-05-22T15:14:37	INFO	::1	19134987	twitter.like	post_id=783
2026-05-22T15:14:37	INFO	::1	19134987	request	GET /?platform=twitter platform=twitter action=-
2026-05-22T15:14:40	INFO	::1	19134987	request	POST /?platform=twitter platform=twitter action=-
2026-05-22T15:14:40	INFO	::1	19134987	twitter.retweet	post_id=783
2026-05-22T15:14:40	INFO	::1	19134987	request	GET /?platform=twitter platform=twitter action=-
2026-05-22T15:14:46	INFO	::1	19134987	request	POST /?platform=twitter platform=twitter action=-
2026-05-22T15:14:46	INFO	::1	19134987	twitter.quote	post_id=783
2026-05-22T15:14:46	INFO	::1	19134987	request	GET /?platform=twitter platform=twitter action=-
2026-05-22T15:15:29	INFO	::1	19134987	request	POST /?platform=twitter platform=twitter action=-
2026-05-22T15:15:29	INFO	::1	19134987	twitter.note	post_id=783
2026-05-22T15:15:29	INFO	::1	19134987	request	GET /?platform=twitter platform=twitter action=-
2026-05-22T15:15:54	INFO	::1	19134987	request	GET /?platform=facebook platform=facebook action=-
2026-05-22T15:15:57	INFO	::1	19134987	request	GET /?platform=facebook&action=analytics platform=facebook action=analytics
2026-05-22T15:16:03	INFO	::1	19134987	request	GET /?platform=facebook platform=facebook action=-
2026-05-22T15:16:04	INFO	::1	19134987	request	GET /?platform=facebook&action=groups platform=facebook action=groups
2026-05-22T15:16:08	INFO	::1	19134987	request	POST /?platform=facebook platform=facebook action=-
2026-05-22T15:16:08	INFO	::1	19134987	facebook.join_group	post_id=- group_id=1
2026-05-22T15:16:08	INFO	::1	19134987	request	GET /?platform=facebook platform=facebook action=-
2026-05-22T15:16:14	INFO	::1	19134987	request	GET /?platform=facebook&action=groups platform=facebook action=groups
2026-05-22T15:16:18	INFO	::1	19134987	request	GET /?platform=facebook&action=group&id=1 platform=facebook action=group
2026-05-22T15:16:34	INFO	::1	19134987	request	POST /?platform=facebook platform=facebook action=-
2026-05-22T15:16:34	INFO	::1	19134987	facebook.create_group	post_id=- group_id=-
2026-05-22T15:16:34	INFO	::1	19134987	request	GET /?platform=facebook&action=group&id=3 platform=facebook action=group
2026-05-22T15:16:44	INFO	::1	19134987	request	POST /?platform=facebook platform=facebook action=-
2026-05-22T15:16:44	INFO	::1	19134987	facebook.post	post_id=- group_id=3
2026-05-22T15:16:44	INFO	::1	19134987	request	GET /?platform=facebook&action=group&id=3 platform=facebook action=group
2026-05-22T15:16:51	INFO	::1	19134987	request	POST /?platform=facebook platform=facebook action=-
2026-05-22T15:16:51	INFO	::1	19134987	facebook.like	post_id=2210 group_id=-
2026-05-22T15:16:51	INFO	::1	19134987	request	GET /?platform=facebook platform=facebook action=-
2026-05-22T15:17:04	INFO	::1	19134987	request	POST /?platform=facebook platform=facebook action=-
2026-05-22T15:17:04	INFO	::1	19134987	facebook.comment	post_id=2210 group_id=-
2026-05-22T15:17:04	INFO	::1	19134987	request	GET /?platform=facebook platform=facebook action=-
2026-05-22T15:17:09	INFO	::1	19134987	request	POST /?platform=facebook platform=facebook action=-
2026-05-22T15:17:09	INFO	::1	19134987	facebook.like	post_id=1456 group_id=-
2026-05-22T15:17:09	INFO	::1	19134987	request	GET /?platform=facebook platform=facebook action=-
2026-05-22T15:17:17	INFO	::1	19134987	request	POST /?platform=facebook platform=facebook action=-
2026-05-22T15:17:17	INFO	::1	19134987	facebook.like	post_id=1884 group_id=-
2026-05-22T15:17:17	INFO	::1	19134987	request	GET /?platform=facebook platform=facebook action=-
2026-05-22T15:17:44	INFO	::1	19134987	request	POST /?platform=facebook platform=facebook action=-
2026-05-22T15:17:44	INFO	::1	19134987	facebook.like	post_id=1816 group_id=-
2026-05-22T15:17:44	INFO	::1	19134987	request	GET /?platform=facebook platform=facebook action=-
2026-05-22T15:18:07	INFO	::1	19134987	request	GET /?platform=instagram platform=instagram action=-
2026-05-22T15:18:20	INFO	::1	19134987	request	GET /?platform=instagram&action=profile platform=instagram action=profile
2026-05-22T15:18:23	INFO	::1	19134987	request	GET /?platform=instagram platform=instagram action=-
2026-05-22T15:18:52	INFO	::1	19134987	request	GET /?platform=instagram&action=profile platform=instagram action=profile
2026-05-22T15:19:06	INFO	::1	19134987	request	GET /?platform=instagram platform=instagram action=-
2026-05-22T15:19:17	INFO	::1	19134987	request	GET /?platform=instagram&action=explore platform=instagram action=explore
2026-05-22T15:19:24	INFO	::1	19134987	request	GET /?platform=instagram&action=view&id=2018 platform=instagram action=view
2026-05-22T15:19:30	INFO	::1	19134987	request	POST /?platform=instagram platform=instagram action=-
2026-05-22T15:19:30	INFO	::1	19134987	instagram.like	post_id=2018
2026-05-22T15:19:30	INFO	::1	19134987	request	GET /?platform=instagram platform=instagram action=-
2026-05-22T15:19:35	INFO	::1	19134987	request	GET /?platform=instagram&action=explore platform=instagram action=explore
2026-05-22T15:19:57	INFO	::1	19134987	request	GET /?platform=instagram platform=instagram action=-
2026-05-22T15:20:54	INFO	::1	19134987	request	GET /?platform=instagram&action=profile platform=instagram action=profile
2026-05-22T15:20:56	INFO	::1	19134987	request	GET /?action=stats&platform=instagram platform=instagram action=stats
2026-05-22T15:21:04	INFO	::1	19134987	request	GET /?action=stats&platform=instagram platform=instagram action=stats
2026-05-22T15:21:05	INFO	::1	19134987	request	GET /?platform=instagram platform=instagram action=-
2026-05-22T15:21:08	INFO	::1	19134987	request	GET /?platform=instagram&action=profile platform=instagram action=profile
2026-05-22T15:23:26	INFO	::1	19134987	request	GET /?platform=youtube platform=youtube action=-
2026-05-22T15:23:32	INFO	::1	19134987	request	GET /?platform=youtube&action=channel platform=youtube action=channel
2026-05-22T15:23:40	INFO	::1	19134987	request	GET /?platform=youtube platform=youtube action=-
2026-05-22T15:23:41	INFO	::1	19134987	request	GET /?platform=youtube&action=watch&id=2201 platform=youtube action=watch
2026-05-22T15:24:17	INFO	::1	19134987	request	POST /?platform=youtube platform=youtube action=-
2026-05-22T15:24:17	INFO	::1	19134987	youtube.comment	post_id=2201 title=-
2026-05-22T15:24:17	INFO	::1	19134987	request	GET /?platform=youtube&action=watch&id=2201 platform=youtube action=watch
2026-05-22T15:25:10	INFO	::1	19134987	request	POST /?platform=youtube platform=youtube action=-
2026-05-22T15:25:10	INFO	::1	19134987	youtube.like	post_id=2201 title=-
2026-05-22T15:25:10	INFO	::1	19134987	request	GET /?platform=youtube&action=watch&id=2201 platform=youtube action=watch
2026-05-22T15:25:16	INFO	::1	19134987	request	GET /?platform=youtube platform=youtube action=-
2026-05-22T15:25:19	INFO	::1	19134987	request	GET /?platform=youtube&action=upload platform=youtube action=upload
2026-05-22T15:25:21	INFO	::1	19134987	request	GET /?platform=youtube platform=youtube action=-
2026-05-22T15:25:21	INFO	::1	19134987	request	GET /?platform=youtube&action=watch&id=2207 platform=youtube action=watch
2026-05-22T15:25:24	INFO	::1	19134987	request	POST /?platform=youtube platform=youtube action=-
2026-05-22T15:25:24	INFO	::1	19134987	youtube.like	post_id=2207 title=-
2026-05-22T15:25:24	INFO	::1	19134987	request	GET /?platform=youtube&action=watch&id=2207 platform=youtube action=watch
2026-05-22T15:25:31	INFO	::1	19134987	request	GET /?platform=youtube&action=analytics platform=youtube action=analytics
2026-05-22T15:25:33	INFO	::1	19134987	request	GET /?platform=youtube&action=channel platform=youtube action=channel
2026-05-22T15:25:33	INFO	::1	19134987	request	GET /?platform=youtube&action=upload platform=youtube action=upload
2026-05-22T15:25:38	INFO	::1	19134987	request	GET /?platform=youtube&action=channel platform=youtube action=channel
2026-05-22T15:25:39	INFO	::1	19134987	request	GET /?platform=youtube&action=watch&id=2207 platform=youtube action=watch
2026-05-22T15:25:44	INFO	::1	19134987	request	GET /?platform=youtube&action=analytics platform=youtube action=analytics
2026-05-22T15:27:53	INFO	::1	19134987	request	GET /?action=logout platform=- action=logout
2026-05-22T15:27:53	INFO	::1	19134987	logout	
2026-05-22T15:27:53	INFO	::1	-	request	GET / platform=- action=-
2026-05-22T15:29:33	INFO	::1	-	request	POST /?action=login platform=- action=login
2026-05-22T15:29:33	WARNING	::1	-	login_failed	unknown username=ash1688
2026-05-22T15:29:44	INFO	::1	-	request	POST /?action=login platform=- action=login
2026-05-22T15:29:44	INFO	::1	19124163	login	username=19124163
2026-05-22T15:29:44	INFO	::1	19124163	request	GET / platform=- action=-
2026-05-22T15:29:57	INFO	::1	19124163	request	GET /?platform=twitter platform=twitter action=-
2026-05-22T15:30:07	INFO	::1	19124163	request	GET /?platform=twitter platform=twitter action=-
2026-05-22T15:30:13	INFO	::1	19124163	request	GET /?platform=twitter platform=twitter action=-
2026-05-22T15:30:18	INFO	::1	19124163	request	GET /?platform=twitter platform=twitter action=-
2026-05-22T15:30:37	INFO	::1	19124163	request	GET /?platform=twitter platform=twitter action=-
2026-05-22T15:30:47	INFO	::1	19124163	request	POST /?platform=twitter platform=twitter action=-
2026-05-22T15:30:47	INFO	::1	19124163	twitter.tweet	post_id=-
2026-05-22T15:30:47	INFO	::1	19124163	request	GET /?platform=twitter platform=twitter action=-
2026-05-22T15:30:51	INFO	::1	19124163	request	GET /?platform=twitter&action=profile&user=9 platform=twitter action=profile
2026-05-22T15:30:53	INFO	::1	19124163	request	GET /?action=stats&platform=twitter platform=twitter action=stats
2026-05-22T15:30:56	INFO	::1	19124163	request	POST /?action=stats&platform=twitter platform=twitter action=stats
2026-05-22T15:30:56	INFO	::1	19124163	request	GET /?action=stats&platform=twitter platform=twitter action=stats
2026-05-22T15:31:01	INFO	::1	19124163	request	POST /?action=stats&platform=twitter platform=twitter action=stats
2026-05-22T15:31:01	INFO	::1	19124163	request	GET /?action=stats&platform=twitter platform=twitter action=stats
2026-05-22T15:31:10	INFO	::1	19124163	request	POST /?action=stats&platform=twitter platform=twitter action=stats
2026-05-22T15:31:10	INFO	::1	19124163	request	GET /?action=stats&platform=twitter platform=twitter action=stats
2026-05-22T15:31:12	INFO	::1	19124163	request	GET / platform=- action=-
2026-05-22T15:31:14	INFO	::1	19124163	request	GET /?platform=twitter platform=twitter action=-
2026-05-22T15:32:02	INFO	::1	19124163	request	GET /?platform=facebook platform=facebook action=-
2026-05-22T15:32:08	INFO	::1	19124163	request	GET /?platform=facebook&action=profile&user=8 platform=facebook action=profile
2026-05-22T15:32:12	INFO	::1	19124163	request	GET /?platform=instagram platform=instagram action=-
2026-05-22T15:32:15	INFO	::1	19124163	request	GET /?platform=youtube platform=youtube action=-
2026-05-22T15:32:19	INFO	::1	19124163	request	GET /?platform=youtube&action=watch&id=2201 platform=youtube action=watch
2026-05-22T15:32:30	INFO	::1	19124163	request	GET / platform=- action=-
2026-05-22T15:32:33	INFO	::1	19124163	request	GET /?platform=twitter platform=twitter action=-
2026-05-22T15:32:37	INFO	::1	19124163	request	GET /?platform=twitter platform=twitter action=-
2026-05-22T15:32:54	INFO	::1	19124163	request	GET /?platform=youtube platform=youtube action=-
2026-05-22T15:32:56	INFO	::1	19124163	request	GET /?platform=youtube&action=upload platform=youtube action=upload
2026-05-22T15:33:21	INFO	::1	19124163	request	POST /?platform=youtube platform=youtube action=-
2026-05-22T15:33:21	INFO	::1	19124163	youtube.upload	post_id=- title=https://github.com/ash1688/mocksocials
2026-05-22T15:33:21	INFO	::1	19124163	request	GET /?platform=youtube&action=watch&id=2212 platform=youtube action=watch
2026-05-22T15:33:33	INFO	::1	19124163	request	GET /?platform=youtube&action=channel platform=youtube action=channel
2026-05-22T15:33:48	INFO	::1	19124163	request	GET /?platform=youtube&action=watch&id=2212 platform=youtube action=watch
2026-05-22T15:34:02	INFO	::1	19124163	request	POST /?platform=youtube platform=youtube action=-
2026-05-22T15:34:02	INFO	::1	19124163	youtube.comment	post_id=2212 title=-
2026-05-22T15:34:02	INFO	::1	19124163	request	GET /?platform=youtube&action=watch&id=2212 platform=youtube action=watch
2026-05-22T15:34:12	INFO	::1	19124163	request	GET / platform=- action=-
2026-05-22T15:34:13	INFO	::1	19124163	request	GET /?platform=twitter platform=twitter action=-
2026-05-22T15:34:15	INFO	::1	19124163	request	POST /?platform=twitter platform=twitter action=-
2026-05-22T15:34:15	INFO	::1	19124163	twitter.tweet	post_id=-
2026-05-22T15:34:15	INFO	::1	19124163	request	GET /?platform=twitter platform=twitter action=-
2026-05-22T15:34:17	INFO	::1	19124163	request	POST /?platform=twitter platform=twitter action=-
2026-05-22T15:34:17	INFO	::1	19124163	twitter.tweet	post_id=-
2026-05-22T15:34:17	INFO	::1	19124163	request	GET /?platform=twitter platform=twitter action=-
2026-05-22T15:34:19	INFO	::1	19124163	request	POST /?platform=twitter platform=twitter action=-
2026-05-22T15:34:19	INFO	::1	19124163	twitter.tweet	post_id=-
2026-05-22T15:34:19	INFO	::1	19124163	request	GET /?platform=twitter platform=twitter action=-
2026-05-22T15:34:20	INFO	::1	19124163	request	POST /?platform=twitter platform=twitter action=-
2026-05-22T15:34:20	INFO	::1	19124163	twitter.tweet	post_id=-
2026-05-22T15:34:20	INFO	::1	19124163	request	GET /?platform=twitter platform=twitter action=-
2026-05-22T15:34:20	INFO	::1	19124163	request	POST /?platform=twitter platform=twitter action=-
2026-05-22T15:34:20	INFO	::1	19124163	twitter.tweet	post_id=-
2026-05-22T15:34:20	INFO	::1	19124163	request	GET /?platform=twitter platform=twitter action=-
2026-05-22T15:34:29	INFO	::1	19124163	request	GET /?platform=facebook platform=facebook action=-
2026-05-22T15:34:30	INFO	::1	19124163	request	GET /?platform=youtube platform=youtube action=-
2026-05-22T15:34:34	INFO	::1	19124163	request	GET /?platform=instagram platform=instagram action=-
2026-05-22T15:34:36	INFO	::1	19124163	request	GET /?platform=youtube platform=youtube action=-
2026-05-22T15:34:37	INFO	::1	19124163	request	GET /?platform=youtube platform=youtube action=-
2026-05-22T15:34:38	INFO	::1	19124163	request	GET /?platform=youtube&action=upload platform=youtube action=upload
2026-05-22T15:36:22	INFO	::1	19124163	request	POST /?platform=youtube platform=youtube action=-
2026-05-22T15:36:22	INFO	::1	19124163	youtube.upload	post_id=- title=aaa
2026-05-22T15:36:22	INFO	::1	19124163	request	GET /?platform=youtube&action=watch&id=2213 platform=youtube action=watch
2026-05-22T15:36:35	INFO	::1	19124163	request	GET / platform=- action=-
2026-05-22T15:36:36	INFO	::1	19124163	request	GET /?platform=twitter platform=twitter action=-
2026-05-22T15:38:00	INFO	::1	19124163	request	POST /?platform=twitter platform=twitter action=-
2026-05-22T15:38:00	INFO	::1	19124163	twitter.tweet	post_id=-
2026-05-22T15:38:00	INFO	::1	19124163	request	GET /?platform=twitter platform=twitter action=-
2026-05-22T15:38:21	INFO	::1	19124163	request	POST /?platform=twitter platform=twitter action=-
2026-05-22T15:38:21	INFO	::1	19124163	twitter.tweet	post_id=-
2026-05-22T15:38:21	INFO	::1	19124163	request	GET /?platform=twitter platform=twitter action=-
2026-05-22T15:38:29	INFO	::1	19124163	request	GET /?platform=facebook platform=facebook action=-
2026-05-22T15:38:33	INFO	::1	19124163	request	GET /?platform=instagram platform=instagram action=-
2026-05-22T15:38:34	INFO	::1	19124163	request	GET /?platform=youtube platform=youtube action=-
2026-05-22T15:38:36	INFO	::1	19124163	request	GET /?platform=youtube&action=upload platform=youtube action=upload
2026-05-22T15:39:20	INFO	::1	19124163	request	GET /?action=logout platform=- action=logout
2026-05-22T15:39:20	INFO	::1	19124163	logout	
2026-05-22T15:39:20	INFO	::1	-	request	GET / platform=- action=-
2026-05-22T15:39:41	INFO	::1	-	request	POST /?action=login platform=- action=login
2026-05-22T15:39:41	WARNING	::1	-	login_failed	unknown username=' OR'1'='1
2026-05-22T15:39:54	INFO	::1	-	request	POST /?action=login platform=- action=login
2026-05-22T15:39:55	WARNING	::1	-	login_failed	bad password username=19124163
2026-05-22T15:40:06	INFO	::1	-	request	POST /?action=login platform=- action=login
2026-05-22T15:40:06	WARNING	::1	-	login_failed	bad password username=19124163
2026-05-22T15:40:15	INFO	::1	-	request	POST /?action=login platform=- action=login
2026-05-22T15:40:15	INFO	::1	19124163	login	username=19124163
2026-05-22T15:40:15	INFO	::1	19124163	request	GET / platform=- action=-
2026-05-22T15:40:17	INFO	::1	19124163	request	GET /?platform=twitter platform=twitter action=-
2026-05-22T15:40:49	INFO	::1	19124163	request	GET /?action=logout platform=- action=logout
2026-05-22T15:40:49	INFO	::1	19124163	logout	
2026-05-22T15:40:49	INFO	::1	-	request	GET / platform=- action=-
2026-05-22T15:40:51	INFO	::1	-	request	GET /?platform=twitter platform=twitter action=-
2026-05-22T15:40:55	INFO	::1	-	request	GET /?platform=twitter platform=twitter action=-
2026-05-22T15:41:01	INFO	::1	-	request	POST /?action=login platform=- action=login
2026-05-22T15:41:01	INFO	::1	19124163	login	username=19124163
2026-05-22T15:41:01	INFO	::1	19124163	request	GET / platform=- action=-
2026-05-22T15:41:04	INFO	::1	19124163	request	GET /?platform=twitter platform=twitter action=-
2026-05-22T15:41:42	INFO	::1	19124163	request	GET /?platform=twitter&action=hashtag&tag=photography platform=twitter action=hashtag
2026-05-22T15:41:45	INFO	::1	19124163	request	GET /?platform=twitter platform=twitter action=-
2026-05-22T15:41:51	INFO	::1	19124163	request	POST /?platform=twitter platform=twitter action=-
2026-05-22T15:41:51	INFO	::1	19124163	twitter.tweet	post_id=-
2026-05-22T15:41:51	INFO	::1	19124163	request	GET /?platform=twitter platform=twitter action=-
2026-05-22T15:42:01	INFO	::1	19124163	request	POST /?platform=twitter platform=twitter action=-
2026-05-22T15:42:01	INFO	::1	19124163	twitter.tweet	post_id=-
2026-05-22T15:42:01	INFO	::1	19124163	request	GET /?platform=twitter platform=twitter action=-
2026-05-22T15:42:04	INFO	::1	19124163	request	POST /?platform=twitter platform=twitter action=-
2026-05-22T15:42:04	INFO	::1	19124163	twitter.tweet	post_id=-
2026-05-22T15:42:04	INFO	::1	19124163	request	GET /?platform=twitter platform=twitter action=-
2026-05-22T15:42:07	INFO	::1	19124163	request	POST /?platform=twitter platform=twitter action=-
2026-05-22T15:42:07	INFO	::1	19124163	twitter.tweet	post_id=-
2026-05-22T15:42:07	INFO	::1	19124163	request	GET /?platform=twitter platform=twitter action=-
2026-05-22T15:42:10	INFO	::1	19124163	request	POST /?platform=twitter platform=twitter action=-
2026-05-22T15:42:10	INFO	::1	19124163	twitter.tweet	post_id=-
2026-05-22T15:42:10	INFO	::1	19124163	request	GET /?platform=twitter platform=twitter action=-
2026-05-22T15:42:17	INFO	::1	19124163	request	POST /?platform=twitter platform=twitter action=-
2026-05-22T15:42:17	INFO	::1	19124163	twitter.tweet	post_id=-
2026-05-22T15:42:17	INFO	::1	19124163	request	GET /?platform=twitter platform=twitter action=-
2026-05-22T15:42:38	INFO	::1	19124163	request	POST /?platform=twitter platform=twitter action=-
2026-05-22T15:42:38	INFO	::1	19124163	twitter.tweet	post_id=-
2026-05-22T15:42:38	INFO	::1	19124163	request	GET /?platform=twitter platform=twitter action=-
2026-05-22T15:42:42	INFO	::1	19124163	request	POST /?platform=twitter platform=twitter action=-
2026-05-22T15:42:42	INFO	::1	19124163	twitter.tweet	post_id=-
2026-05-22T15:42:42	INFO	::1	19124163	request	GET /?platform=twitter platform=twitter action=-
2026-05-22T15:42:45	INFO	::1	19124163	request	POST /?platform=twitter platform=twitter action=-
2026-05-22T15:42:45	INFO	::1	19124163	twitter.tweet	post_id=-
2026-05-22T15:42:45	INFO	::1	19124163	request	GET /?platform=twitter platform=twitter action=-
2026-05-22T15:42:49	INFO	::1	19124163	request	POST /?platform=twitter platform=twitter action=-
2026-05-22T15:42:49	INFO	::1	19124163	twitter.tweet	post_id=-
2026-05-22T15:42:49	INFO	::1	19124163	request	GET /?platform=twitter platform=twitter action=-
2026-05-22T15:42:53	INFO	::1	19124163	request	POST /?platform=twitter platform=twitter action=-
2026-05-22T15:42:53	INFO	::1	19124163	twitter.tweet	post_id=-
2026-05-22T15:42:53	INFO	::1	19124163	request	GET /?platform=twitter platform=twitter action=-
2026-05-22T15:42:57	INFO	::1	19124163	request	POST /?platform=twitter platform=twitter action=-
2026-05-22T15:42:57	INFO	::1	19124163	twitter.tweet	post_id=-
2026-05-22T15:42:57	INFO	::1	19124163	request	GET /?platform=twitter platform=twitter action=-
2026-05-22T15:43:00	INFO	::1	19124163	request	POST /?platform=twitter platform=twitter action=-
2026-05-22T15:43:00	INFO	::1	19124163	twitter.tweet	post_id=-
2026-05-22T15:43:00	INFO	::1	19124163	request	GET /?platform=twitter platform=twitter action=-
2026-05-22T15:43:03	INFO	::1	19124163	request	POST /?platform=twitter platform=twitter action=-
2026-05-22T15:43:03	INFO	::1	19124163	twitter.tweet	post_id=-
2026-05-22T15:43:03	INFO	::1	19124163	request	GET /?platform=twitter platform=twitter action=-
2026-05-22T15:43:06	INFO	::1	19124163	request	POST /?platform=twitter platform=twitter action=-
2026-05-22T15:43:06	INFO	::1	19124163	twitter.tweet	post_id=-
2026-05-22T15:43:06	INFO	::1	19124163	request	GET /?platform=twitter platform=twitter action=-
2026-05-22T15:43:17	INFO	::1	19124163	request	GET /?platform=twitter platform=twitter action=-
2026-05-22T15:45:33	INFO	::1	19124163	request	POST /?platform=twitter platform=twitter action=-
2026-05-22T15:45:33	INFO	::1	19124163	twitter.quote	post_id=2230
2026-05-22T15:45:33	INFO	::1	19124163	request	GET /?platform=twitter platform=twitter action=-
2026-05-22T15:45:38	INFO	::1	19124163	request	GET /?platform=twitter platform=twitter action=-
2026-05-22T15:47:40	INFO	::1	19124163	request	GET /?platform=facebook platform=facebook action=-
2026-05-22T15:49:17	INFO	::1	19124163	request	POST /?platform=facebook platform=facebook action=-
2026-05-22T15:49:17	INFO	::1	19124163	facebook.like	post_id=1884 group_id=-
2026-05-22T15:49:17	INFO	::1	19124163	request	GET /?platform=facebook platform=facebook action=-
2026-05-22T15:51:11	INFO	::1	19124163	request	GET /?platform=instagram platform=instagram action=-
2026-05-22T15:51:28	INFO	::1	19124163	request	POST /?platform=instagram platform=instagram action=-
2026-05-22T15:51:28	INFO	::1	19124163	instagram.post	post_id=-
2026-05-22T15:51:28	INFO	::1	19124163	request	GET /?platform=instagram platform=instagram action=-
2026-05-22T15:53:06	INFO	::1	19124163	request	GET /?platform=instagram platform=instagram action=-
2026-05-22T15:54:29	INFO	::1	19124163	request	GET /?platform=instagram&action=explore platform=instagram action=explore
2026-05-22T15:54:35	INFO	::1	19124163	request	GET /?platform=instagram&action=analytics platform=instagram action=analytics
2026-05-22T15:54:39	INFO	::1	19124163	request	GET /?action=stats&platform=instagram platform=instagram action=stats
2026-05-22T15:55:03	INFO	::1	19124163	request	POST /?action=stats&platform=instagram platform=instagram action=stats
2026-05-22T15:55:03	INFO	::1	19124163	request	GET /?action=stats&platform=instagram platform=instagram action=stats
2026-05-22T15:55:07	INFO	::1	19124163	request	GET /?platform=instagram platform=instagram action=-
2026-05-22T15:55:19	INFO	::1	19124163	request	GET /?platform=instagram&action=analytics platform=instagram action=analytics
2026-05-22T15:55:21	INFO	::1	19124163	request	GET /?action=stats&platform=instagram platform=instagram action=stats
2026-05-22T15:55:33	INFO	::1	19124163	request	POST /?action=stats&platform=instagram platform=instagram action=stats
2026-05-22T15:55:33	INFO	::1	19124163	request	GET /?action=stats&platform=instagram platform=instagram action=stats
2026-05-22T15:55:36	INFO	::1	19124163	request	GET /?action=stats&platform=instagram platform=instagram action=stats
2026-05-22T15:55:37	INFO	::1	19124163	request	GET /?platform=instagram platform=instagram action=-
2026-05-22T15:55:39	INFO	::1	19124163	request	GET /?platform=instagram&action=analytics platform=instagram action=analytics
2026-05-22T15:55:40	INFO	::1	19124163	request	GET / platform=- action=-
2026-05-22T15:55:42	INFO	::1	19124163	request	GET /?platform=instagram platform=instagram action=-
2026-05-22T15:55:44	INFO	::1	19124163	request	GET /?platform=instagram&action=analytics platform=instagram action=analytics
2026-05-22T15:55:46	INFO	::1	19124163	request	GET /?action=stats&platform=instagram platform=instagram action=stats
2026-05-22T15:55:52	INFO	::1	19124163	request	POST /?action=stats&platform=instagram platform=instagram action=stats
2026-05-22T15:55:52	INFO	::1	19124163	request	GET /?action=stats&platform=instagram platform=instagram action=stats
2026-05-22T15:55:53	INFO	::1	19124163	request	GET / platform=- action=-
2026-05-22T15:59:47	INFO	::1	19124163	request	GET /?action=logout platform=- action=logout
2026-05-22T15:59:47	INFO	::1	19124163	logout	
2026-05-22T15:59:47	INFO	::1	-	request	GET / platform=- action=-
